

*******************************************************************************
Tue Dec  9 16:02:13 2025


FIT:    data read from 'data/resultats/data/courbe_traction.dat' every ::1 using 1:2
        format = x:z
BREAK: No data to fit

*******************************************************************************
Tue Dec  9 16:04:21 2025


FIT:    data read from 'data/resultats/data/courbe_traction.dat' using 1:2
        format = x:z
        #datapoints = 5
        residuals are weighted equally (unit weight)

function used for fitting: f(x)
	f(x) = E_eff * x
fitted parameters initialized with current variable values

iter      chisq       delta/lim  lambda   E_eff        
   0 7.2245422069e+03   0.00e+00  3.32e-03    1.000000e+00
   5 4.3636363635e-09  -1.33e-06  3.32e-04    1.146203e+04

After 5 iterations the fit converged.
final sum of squares of residuals : 4.36364e-09
rel. change during last iteration : -1.33228e-11

degrees of freedom    (FIT_NDF)                        : 4
rms of residuals      (FIT_STDFIT) = sqrt(WSSR/ndf)    : 3.30289e-05
variance of residuals (reduced chisquare) = WSSR/ndf   : 1.09091e-09

Final set of parameters            Asymptotic Standard Error
=======================            ==========================
E_eff           = 11462            +/- 0.004454     (3.886e-05%)


*******************************************************************************
Tue Dec  9 16:04:40 2025


FIT:    data read from 'data/resultats/data/courbe_traction.dat' using 1:2
        format = x:z
        #datapoints = 5
        residuals are weighted equally (unit weight)

function used for fitting: f(x)
	f(x) = E_eff * x
fitted parameters initialized with current variable values

iter      chisq       delta/lim  lambda   E_eff        
   0 7.2245422069e+03   0.00e+00  3.32e-03    1.000000e+00
   5 4.3636363635e-09  -1.33e-06  3.32e-04    1.146203e+04

After 5 iterations the fit converged.
final sum of squares of residuals : 4.36364e-09
rel. change during last iteration : -1.33228e-11

degrees of freedom    (FIT_NDF)                        : 4
rms of residuals      (FIT_STDFIT) = sqrt(WSSR/ndf)    : 3.30289e-05
variance of residuals (reduced chisquare) = WSSR/ndf   : 1.09091e-09

Final set of parameters            Asymptotic Standard Error
=======================            ==========================
E_eff           = 11462            +/- 0.004454     (3.886e-05%)


*******************************************************************************
Tue Dec  9 16:05:23 2025


FIT:    data read from 'data/resultats/data/courbe_traction.dat' using 1:2
        format = x:z
        #datapoints = 6
        residuals are weighted equally (unit weight)

function used for fitting: f(x)
	f(x) = E_eff * x
fitted parameters initialized with current variable values

iter      chisq       delta/lim  lambda   E_eff        
   0 7.2245422069e+03   0.00e+00  3.03e-03    1.000000e+00
   5 4.3636363636e-09   0.00e+00  3.03e-08    1.146203e+04

After 5 iterations the fit converged.
final sum of squares of residuals : 4.36364e-09
rel. change during last iteration : 0

degrees of freedom    (FIT_NDF)                        : 5
rms of residuals      (FIT_STDFIT) = sqrt(WSSR/ndf)    : 2.9542e-05
variance of residuals (reduced chisquare) = WSSR/ndf   : 8.72727e-10

Final set of parameters            Asymptotic Standard Error
=======================            ==========================
E_eff           = 11462            +/- 0.003983     (3.475e-05%)


*******************************************************************************
Tue Dec  9 16:05:49 2025


FIT:    data read from 'data/resultats/data/courbe_traction.dat' using 1:2
        format = x:z
        #datapoints = 5
        residuals are weighted equally (unit weight)

function used for fitting: f(x)
	f(x) = E_eff * x
fitted parameters initialized with current variable values

iter      chisq       delta/lim  lambda   E_eff        
   0 7.2245422069e+03   0.00e+00  3.32e-03    1.000000e+00
   5 4.3636363635e-09  -1.33e-06  3.32e-04    1.146203e+04

After 5 iterations the fit converged.
final sum of squares of residuals : 4.36364e-09
rel. change during last iteration : -1.33228e-11

degrees of freedom    (FIT_NDF)                        : 4
rms of residuals      (FIT_STDFIT) = sqrt(WSSR/ndf)    : 3.30289e-05
variance of residuals (reduced chisquare) = WSSR/ndf   : 1.09091e-09

Final set of parameters            Asymptotic Standard Error
=======================            ==========================
E_eff           = 11462            +/- 0.004454     (3.886e-05%)


*******************************************************************************
Tue Dec  9 16:16:13 2025


FIT:    data read from 'data/resultats/courbe_traction.dat' using 1:(-$3)
        format = x:z
        #datapoints = 5
        residuals are weighted equally (unit weight)

function used for fitting: f(x)
	f(x) = nu_eff * x
fitted parameters initialized with current variable values

iter      chisq       delta/lim  lambda   nu_eff       
   0 1.0670928898e-06   0.00e+00  9.95e-04    3.000000e-01
   5 1.8363636363e-18  -1.16e-05  9.95e-09    4.392899e-01

After 5 iterations the fit converged.
final sum of squares of residuals : 1.83636e-18
rel. change during last iteration : -1.15934e-10

degrees of freedom    (FIT_NDF)                        : 4
rms of residuals      (FIT_STDFIT) = sqrt(WSSR/ndf)    : 6.77562e-10
variance of residuals (reduced chisquare) = WSSR/ndf   : 4.59091e-19

Final set of parameters            Asymptotic Standard Error
=======================            ==========================
nu_eff          = 0.43929          +/- 9.136e-08    (2.08e-05%)


*******************************************************************************
Tue Dec  9 16:17:26 2025


FIT:    data read from 'data/resultats/data/courbe_traction.dat' using 1:(-$3)
        format = x:z
        #datapoints = 5
        residuals are weighted equally (unit weight)

function used for fitting: f(x)
	f(x) = nu_eff * x
fitted parameters initialized with current variable values

iter      chisq       delta/lim  lambda   nu_eff       
   0 1.0670928898e-06   0.00e+00  9.95e-04    3.000000e-01
   5 1.8363636363e-18  -1.16e-05  9.95e-09    4.392899e-01

After 5 iterations the fit converged.
final sum of squares of residuals : 1.83636e-18
rel. change during last iteration : -1.15934e-10

degrees of freedom    (FIT_NDF)                        : 4
rms of residuals      (FIT_STDFIT) = sqrt(WSSR/ndf)    : 6.77562e-10
variance of residuals (reduced chisquare) = WSSR/ndf   : 4.59091e-19

Final set of parameters            Asymptotic Standard Error
=======================            ==========================
nu_eff          = 0.43929          +/- 9.136e-08    (2.08e-05%)


*******************************************************************************
Tue Dec  9 16:20:55 2025


FIT:    data read from 'data/resultats/data/courbe_traction.dat' using 1:(-$3)
        format = x:z
        #datapoints = 5
        residuals are weighted equally (unit weight)

function used for fitting: g(x)
	g(x) = nu_eff * x
fitted parameters initialized with current variable values

iter      chisq       delta/lim  lambda   nu_eff       
   0 1.7291767090e-05   0.00e+00  3.32e-03    1.000000e+00
   5 1.8363636364e-18  -6.44e-07  3.32e-08    4.392899e-01

After 5 iterations the fit converged.
final sum of squares of residuals : 1.83636e-18
rel. change during last iteration : -6.44073e-12

degrees of freedom    (FIT_NDF)                        : 4
rms of residuals      (FIT_STDFIT) = sqrt(WSSR/ndf)    : 6.77562e-10
variance of residuals (reduced chisquare) = WSSR/ndf   : 4.59091e-19

Final set of parameters            Asymptotic Standard Error
=======================            ==========================
nu_eff          = 0.43929          +/- 9.136e-08    (2.08e-05%)


*******************************************************************************
Tue Dec  9 16:21:33 2025


FIT:    data read from 'data/resultats/data/courbe_traction.dat' using 1:(-$3)
        format = x:z
        #datapoints = 5
        residuals are weighted equally (unit weight)

function used for fitting: g(x)
	g(x) = nu_eff * x
fitted parameters initialized with current variable values

iter      chisq       delta/lim  lambda   nu_eff       
   0 1.7291767090e-05   0.00e+00  3.32e-03    1.000000e+00
   5 1.8363636364e-18  -6.44e-07  3.32e-08    4.392899e-01

After 5 iterations the fit converged.
final sum of squares of residuals : 1.83636e-18
rel. change during last iteration : -6.44073e-12

degrees of freedom    (FIT_NDF)                        : 4
rms of residuals      (FIT_STDFIT) = sqrt(WSSR/ndf)    : 6.77562e-10
variance of residuals (reduced chisquare) = WSSR/ndf   : 4.59091e-19

Final set of parameters            Asymptotic Standard Error
=======================            ==========================
nu_eff          = 0.43929          +/- 9.136e-08    (2.08e-05%)


*******************************************************************************
Tue Dec  9 16:21:48 2025


FIT:    data read from 'data/resultats/data/courbe_traction.dat' using 1:2
        format = x:z
        #datapoints = 5
        residuals are weighted equally (unit weight)

function used for fitting: f(x)
	f(x) = E_eff * x
fitted parameters initialized with current variable values

iter      chisq       delta/lim  lambda   E_eff        
   0 7.2245422069e+03   0.00e+00  3.32e-03    1.000000e+00
   5 4.3636363635e-09  -1.33e-06  3.32e-04    1.146203e+04

After 5 iterations the fit converged.
final sum of squares of residuals : 4.36364e-09
rel. change during last iteration : -1.33228e-11

degrees of freedom    (FIT_NDF)                        : 4
rms of residuals      (FIT_STDFIT) = sqrt(WSSR/ndf)    : 3.30289e-05
variance of residuals (reduced chisquare) = WSSR/ndf   : 1.09091e-09

Final set of parameters            Asymptotic Standard Error
=======================            ==========================
E_eff           = 11462            +/- 0.004454     (3.886e-05%)


*******************************************************************************
Thu Jan 01 13:13:42 2026


FIT:    data read from 'data/resultats/data/courbe_traction.dat' using 1:(-$3)
        format = x:z
        #datapoints = 5
        residuals are weighted equally (unit weight)

function used for fitting: g(x)
	g(x) = nu_eff * x
fitted parameters initialized with current variable values

iter      chisq       delta/lim  lambda   nu_eff       
   0 1.9602560670e-05   0.00e+00  3.32e-03    1.000000e+00
   5 4.9999999998e-17  -8.67e-07  3.32e-08    4.029990e-01

After 5 iterations the fit converged.
final sum of squares of residuals : 5e-17
rel. change during last iteration : -8.67353e-12

degrees of freedom    (FIT_NDF)                        : 4
rms of residuals      (FIT_STDFIT) = sqrt(WSSR/ndf)    : 3.53553e-09
variance of residuals (reduced chisquare) = WSSR/ndf   : 1.25e-17

Final set of parameters            Asymptotic Standard Error
=======================            ==========================
nu_eff          = 0.402999         +/- 4.767e-07    (0.0001183%)


*******************************************************************************
Thu Jan 01 13:13:42 2026


FIT:    data read from 'data/resultats/data/courbe_traction.dat' using 1:2
        format = x:z
        #datapoints = 5
        residuals are weighted equally (unit weight)

function used for fitting: f(x)
	f(x) = E_eff * x
fitted parameters initialized with current variable values

iter      chisq       delta/lim  lambda   E_eff        
   0 3.0971044588e+05   0.00e+00  3.32e-03    1.000000e+00
   5 3.1745454543e-07   0.00e+00  3.32e-03    7.504165e+04

After 5 iterations the fit converged.
final sum of squares of residuals : 3.17455e-07
rel. change during last iteration : 0

degrees of freedom    (FIT_NDF)                        : 4
rms of residuals      (FIT_STDFIT) = sqrt(WSSR/ndf)    : 0.000281716
variance of residuals (reduced chisquare) = WSSR/ndf   : 7.93636e-08

Final set of parameters            Asymptotic Standard Error
=======================            ==========================
E_eff           = 75041.6          +/- 0.03799      (5.062e-05%)


*******************************************************************************
Thu Jan 01 13:17:37 2026


FIT:    data read from 'data/resultats/data/courbe_traction.dat' using 1:(-$3)
        format = x:z
        #datapoints = 5
        residuals are weighted equally (unit weight)

function used for fitting: g(x)
	g(x) = nu_eff * x
fitted parameters initialized with current variable values

iter      chisq       delta/lim  lambda   nu_eff       
   0 2.2968429445e-05   0.00e+00  3.32e-03    1.000000e+00
   5 1.8181818182e-17  -6.07e-06  3.32e-08    3.537742e-01

After 5 iterations the fit converged.
final sum of squares of residuals : 1.81818e-17
rel. change during last iteration : -6.07152e-11

degrees of freedom    (FIT_NDF)                        : 4
rms of residuals      (FIT_STDFIT) = sqrt(WSSR/ndf)    : 2.13201e-09
variance of residuals (reduced chisquare) = WSSR/ndf   : 4.54545e-18

Final set of parameters            Asymptotic Standard Error
=======================            ==========================
nu_eff          = 0.353774         +/- 2.875e-07    (8.126e-05%)


*******************************************************************************
Thu Jan 01 13:17:37 2026


FIT:    data read from 'data/resultats/data/courbe_traction.dat' using 1:2
        format = x:z
        #datapoints = 5
        residuals are weighted equally (unit weight)

function used for fitting: f(x)
	f(x) = E_eff * x
fitted parameters initialized with current variable values

iter      chisq       delta/lim  lambda   E_eff        
   0 5.2483623655e+06   0.00e+00  3.32e-03    1.000000e+00
   5 0.0000000000e+00  -inf       3.32e-08    3.089100e+05

After 5 iterations the fit converged.
final sum of squares of residuals : 0
abs. change during last iteration : -9.07637e-24


Hmmmm.... Sum of squared residuals is zero. Can't compute errors.

Final set of parameters 
======================= 

E_eff           = 308910         


*******************************************************************************
Fri Jan 16 16:04:24 2026


FIT:    data read from 'data/resultats/data/courbe_traction.dat' using 1:(-$3)
        format = x:z
        #datapoints = 5
        residuals are weighted equally (unit weight)

function used for fitting: g(x)
	g(x) = nu_eff * x
fitted parameters initialized with current variable values

iter      chisq       delta/lim  lambda   nu_eff       
   0 2.2968429445e-05   0.00e+00  3.32e-03    1.000000e+00
   5 1.8181818182e-17  -6.07e-06  3.32e-08    3.537742e-01

After 5 iterations the fit converged.
final sum of squares of residuals : 1.81818e-17
rel. change during last iteration : -6.07152e-11

degrees of freedom    (FIT_NDF)                        : 4
rms of residuals      (FIT_STDFIT) = sqrt(WSSR/ndf)    : 2.13201e-09
variance of residuals (reduced chisquare) = WSSR/ndf   : 4.54545e-18

Final set of parameters            Asymptotic Standard Error
=======================            ==========================
nu_eff          = 0.353774         +/- 2.875e-07    (8.126e-05%)


*******************************************************************************
Fri Jan 16 16:04:24 2026


FIT:    data read from 'data/resultats/data/courbe_traction.dat' using 1:2
        format = x:z
        #datapoints = 5
        residuals are weighted equally (unit weight)

function used for fitting: f(x)
	f(x) = E_eff * x
fitted parameters initialized with current variable values

iter      chisq       delta/lim  lambda   E_eff        
   0 5.2483623655e+06   0.00e+00  3.32e-03    1.000000e+00
   5 0.0000000000e+00  -inf       3.32e-08    3.089100e+05

After 5 iterations the fit converged.
final sum of squares of residuals : 0
abs. change during last iteration : -9.07637e-24


Hmmmm.... Sum of squared residuals is zero. Can't compute errors.

Final set of parameters 
======================= 

E_eff           = 308910         
